{"/Users/bryanlee/Documents/search-app/postcss.config.js": {"path":"/Users/bryanlee/Documents/search-app/postcss.config.js","all":true,"statementMap":{"0":{"start":{"line":1,"column":0},"end":{"line":1,"column":16}},"1":{"start":{"line":2,"column":0},"end":{"line":2,"column":12}},"2":{"start":{"line":3,"column":0},"end":{"line":3,"column":20}},"3":{"start":{"line":4,"column":0},"end":{"line":4,"column":21}},"4":{"start":{"line":5,"column":0},"end":{"line":5,"column":4}},"5":{"start":{"line":6,"column":0},"end":{"line":6,"column":1}}},"s":{"0":0,"1":0,"2":0,"3":0,"4":0,"5":0},"branchMap":{"0":{"type":"branch","line":1,"loc":{"start":{"line":1,"column":0},"end":{"line":6,"column":-11}},"locations":[{"start":{"line":1,"column":0},"end":{"line":6,"column":-11}}]}},"b":{"0":[0]},"fnMap":{"0":{"name":"(empty-report)","decl":{"start":{"line":1,"column":0},"end":{"line":6,"column":-11}},"loc":{"start":{"line":1,"column":0},"end":{"line":6,"column":-11}},"line":1}},"f":{"0":0}}
,"/Users/bryanlee/Documents/search-app/tailwind.config.js": {"path":"/Users/bryanlee/Documents/search-app/tailwind.config.js","all":true,"statementMap":{"0":{"start":{"line":1,"column":0},"end":{"line":1,"column":21}},"1":{"start":{"line":2,"column":0},"end":{"line":2,"column":16}},"2":{"start":{"line":3,"column":0},"end":{"line":3,"column":12}},"3":{"start":{"line":4,"column":0},"end":{"line":4,"column":77}},"4":{"start":{"line":5,"column":0},"end":{"line":5,"column":86}},"5":{"start":{"line":6,"column":0},"end":{"line":6,"column":4}},"6":{"start":{"line":7,"column":0},"end":{"line":7,"column":10}},"7":{"start":{"line":8,"column":0},"end":{"line":8,"column":13}},"8":{"start":{"line":9,"column":0},"end":{"line":9,"column":19}},"9":{"start":{"line":10,"column":0},"end":{"line":10,"column":42}},"10":{"start":{"line":11,"column":0},"end":{"line":11,"column":8}},"11":{"start":{"line":12,"column":0},"end":{"line":12,"column":6}},"12":{"start":{"line":13,"column":0},"end":{"line":13,"column":4}},"13":{"start":{"line":14,"column":0},"end":{"line":14,"column":14}},"14":{"start":{"line":15,"column":0},"end":{"line":15,"column":2}}},"s":{"0":0,"1":0,"2":0,"3":0,"4":0,"5":0,"6":0,"7":0,"8":0,"9":0,"10":0,"11":0,"12":0,"13":0,"14":0},"branchMap":{"0":{"type":"branch","line":1,"loc":{"start":{"line":1,"column":0},"end":{"line":15,"column":-13}},"locations":[{"start":{"line":1,"column":0},"end":{"line":15,"column":-13}}]}},"b":{"0":[0]},"fnMap":{"0":{"name":"(empty-report)","decl":{"start":{"line":1,"column":0},"end":{"line":15,"column":-13}},"loc":{"start":{"line":1,"column":0},"end":{"line":15,"column":-13}},"line":1}},"f":{"0":0}}
,"/Users/bryanlee/Documents/search-app/src/App.tsx": {"path":"/Users/bryanlee/Documents/search-app/src/App.tsx","all":true,"statementMap":{"0":{"start":{"line":1,"column":0},"end":{"line":1,"column":50}},"2":{"start":{"line":3,"column":0},"end":{"line":3,"column":16}},"3":{"start":{"line":4,"column":0},"end":{"line":4,"column":10}},"4":{"start":{"line":5,"column":0},"end":{"line":5,"column":9}},"5":{"start":{"line":6,"column":0},"end":{"line":6,"column":20}},"6":{"start":{"line":7,"column":0},"end":{"line":7,"column":10}},"8":{"start":{"line":9,"column":0},"end":{"line":9,"column":1}},"10":{"start":{"line":11,"column":0},"end":{"line":11,"column":19}}},"s":{"0":0,"2":0,"3":0,"4":0,"5":0,"6":0,"8":0,"10":0},"branchMap":{"0":{"type":"branch","line":1,"loc":{"start":{"line":1,"column":149},"end":{"line":11,"column":19}},"locations":[{"start":{"line":1,"column":149},"end":{"line":11,"column":19}}]}},"b":{"0":[0]},"fnMap":{"0":{"name":"(empty-report)","decl":{"start":{"line":1,"column":149},"end":{"line":11,"column":19}},"loc":{"start":{"line":1,"column":149},"end":{"line":11,"column":19}},"line":1}},"f":{"0":0}}
,"/Users/bryanlee/Documents/search-app/src/main.tsx": {"path":"/Users/bryanlee/Documents/search-app/src/main.tsx","all":true,"statementMap":{"0":{"start":{"line":1,"column":0},"end":{"line":1,"column":35}},"1":{"start":{"line":2,"column":0},"end":{"line":2,"column":46}},"2":{"start":{"line":3,"column":0},"end":{"line":3,"column":21}},"3":{"start":{"line":4,"column":0},"end":{"line":4,"column":28}},"5":{"start":{"line":6,"column":0},"end":{"line":6,"column":52}},"6":{"start":{"line":7,"column":0},"end":{"line":7,"column":14}},"7":{"start":{"line":8,"column":0},"end":{"line":8,"column":11}},"8":{"start":{"line":9,"column":0},"end":{"line":9,"column":15}},"9":{"start":{"line":10,"column":0},"end":{"line":10,"column":2}}},"s":{"0":0,"1":0,"2":0,"3":0,"5":0,"6":0,"7":0,"8":0,"9":0},"branchMap":{"0":{"type":"branch","line":1,"loc":{"start":{"line":1,"column":233},"end":{"line":10,"column":2}},"locations":[{"start":{"line":1,"column":233},"end":{"line":10,"column":2}}]}},"b":{"0":[0]},"fnMap":{"0":{"name":"(empty-report)","decl":{"start":{"line":1,"column":233},"end":{"line":10,"column":2}},"loc":{"start":{"line":1,"column":233},"end":{"line":10,"column":2}},"line":1}},"f":{"0":0}}
,"/Users/bryanlee/Documents/search-app/src/components/header.tsx": {"path":"/Users/bryanlee/Documents/search-app/src/components/header.tsx","all":false,"statementMap":{"0":{"start":{"line":1,"column":0},"end":{"line":1,"column":22}},"1":{"start":{"line":2,"column":0},"end":{"line":2,"column":9}},"2":{"start":{"line":3,"column":0},"end":{"line":3,"column":109}},"3":{"start":{"line":4,"column":0},"end":{"line":4,"column":17}},"4":{"start":{"line":5,"column":0},"end":{"line":5,"column":80}},"6":{"start":{"line":7,"column":0},"end":{"line":7,"column":8}},"7":{"start":{"line":8,"column":0},"end":{"line":8,"column":31}},"8":{"start":{"line":9,"column":0},"end":{"line":9,"column":37}},"9":{"start":{"line":10,"column":0},"end":{"line":10,"column":28}},"10":{"start":{"line":11,"column":0},"end":{"line":11,"column":6}},"11":{"start":{"line":12,"column":0},"end":{"line":12,"column":46}},"13":{"start":{"line":14,"column":0},"end":{"line":14,"column":8}},"14":{"start":{"line":15,"column":0},"end":{"line":15,"column":11}},"17":{"start":{"line":18,"column":0},"end":{"line":18,"column":22}}},"s":{"0":1,"1":10,"2":10,"3":10,"4":10,"6":10,"7":10,"8":10,"9":10,"10":10,"11":10,"13":10,"14":10,"17":1},"branchMap":{"0":{"type":"branch","line":1,"loc":{"start":{"line":1,"column":15},"end":{"line":15,"column":11}},"locations":[{"start":{"line":1,"column":15},"end":{"line":15,"column":11}}]}},"b":{"0":[10]},"fnMap":{"0":{"name":"Header","decl":{"start":{"line":1,"column":15},"end":{"line":15,"column":11}},"loc":{"start":{"line":1,"column":15},"end":{"line":15,"column":11}},"line":1}},"f":{"0":10}}
,"/Users/bryanlee/Documents/search-app/src/components/results-item.tsx": {"path":"/Users/bryanlee/Documents/search-app/src/components/results-item.tsx","all":false,"statementMap":{"0":{"start":{"line":1,"column":0},"end":{"line":1,"column":46}},"11":{"start":{"line":12,"column":0},"end":{"line":12,"column":77}},"12":{"start":{"line":13,"column":0},"end":{"line":13,"column":10}},"13":{"start":{"line":14,"column":0},"end":{"line":14,"column":6}},"14":{"start":{"line":15,"column":0},"end":{"line":15,"column":68}},"15":{"start":{"line":16,"column":0},"end":{"line":16,"column":79}},"16":{"start":{"line":17,"column":0},"end":{"line":17,"column":59}},"17":{"start":{"line":18,"column":0},"end":{"line":18,"column":12}},"18":{"start":{"line":19,"column":0},"end":{"line":19,"column":11}},"19":{"start":{"line":20,"column":0},"end":{"line":20,"column":73}},"20":{"start":{"line":21,"column":0},"end":{"line":21,"column":76}},"21":{"start":{"line":22,"column":0},"end":{"line":22,"column":10}},"22":{"start":{"line":23,"column":0},"end":{"line":23,"column":76}},"23":{"start":{"line":24,"column":0},"end":{"line":24,"column":7}},"25":{"start":{"line":26,"column":0},"end":{"line":26,"column":2}},"27":{"start":{"line":28,"column":0},"end":{"line":28,"column":27}}},"s":{"0":1,"11":1,"12":7,"13":7,"14":7,"15":7,"16":7,"17":7,"18":7,"19":7,"20":7,"21":7,"22":7,"23":7,"25":7,"27":1},"branchMap":{"0":{"type":"branch","line":12,"loc":{"start":{"line":12,"column":20},"end":{"line":26,"column":2}},"locations":[{"start":{"line":12,"column":20},"end":{"line":26,"column":2}}]}},"b":{"0":[7]},"fnMap":{"0":{"name":"ResultsItem","decl":{"start":{"line":12,"column":20},"end":{"line":26,"column":2}},"loc":{"start":{"line":12,"column":20},"end":{"line":26,"column":2}},"line":12}},"f":{"0":7}}
,"/Users/bryanlee/Documents/search-app/src/components/results.tsx": {"path":"/Users/bryanlee/Documents/search-app/src/components/results.tsx","all":false,"statementMap":{"0":{"start":{"line":1,"column":0},"end":{"line":1,"column":51}},"1":{"start":{"line":2,"column":0},"end":{"line":2,"column":41}},"9":{"start":{"line":10,"column":0},"end":{"line":10,"column":56}},"10":{"start":{"line":11,"column":0},"end":{"line":11,"column":26}},"11":{"start":{"line":12,"column":0},"end":{"line":12,"column":75}},"12":{"start":{"line":13,"column":0},"end":{"line":13,"column":34}},"13":{"start":{"line":14,"column":0},"end":{"line":14,"column":35}},"14":{"start":{"line":15,"column":0},"end":{"line":15,"column":56}},"15":{"start":{"line":16,"column":0},"end":{"line":16,"column":48}},"17":{"start":{"line":18,"column":0},"end":{"line":18,"column":10}},"19":{"start":{"line":20,"column":0},"end":{"line":20,"column":4}},"20":{"start":{"line":21,"column":0},"end":{"line":21,"column":2}},"22":{"start":{"line":23,"column":0},"end":{"line":23,"column":42}},"23":{"start":{"line":24,"column":0},"end":{"line":24,"column":55}},"24":{"start":{"line":25,"column":0},"end":{"line":25,"column":2}},"26":{"start":{"line":27,"column":0},"end":{"line":27,"column":75}},"27":{"start":{"line":28,"column":0},"end":{"line":28,"column":10}},"28":{"start":{"line":29,"column":0},"end":{"line":29,"column":91}},"29":{"start":{"line":30,"column":0},"end":{"line":30,"column":84}},"30":{"start":{"line":31,"column":0},"end":{"line":31,"column":46}},"31":{"start":{"line":32,"column":0},"end":{"line":32,"column":12}},"32":{"start":{"line":33,"column":0},"end":{"line":33,"column":33}},"33":{"start":{"line":34,"column":0},"end":{"line":34,"column":38}},"34":{"start":{"line":35,"column":0},"end":{"line":35,"column":55}},"35":{"start":{"line":36,"column":0},"end":{"line":36,"column":63}},"36":{"start":{"line":37,"column":0},"end":{"line":37,"column":26}},"37":{"start":{"line":38,"column":0},"end":{"line":38,"column":45}},"38":{"start":{"line":39,"column":0},"end":{"line":39,"column":29}},"39":{"start":{"line":40,"column":0},"end":{"line":40,"column":31}},"40":{"start":{"line":41,"column":0},"end":{"line":41,"column":16}},"41":{"start":{"line":42,"column":0},"end":{"line":42,"column":18}},"42":{"start":{"line":43,"column":0},"end":{"line":43,"column":12}},"44":{"start":{"line":45,"column":0},"end":{"line":45,"column":34}},"46":{"start":{"line":47,"column":0},"end":{"line":47,"column":12}},"47":{"start":{"line":48,"column":0},"end":{"line":48,"column":10}},"49":{"start":{"line":50,"column":0},"end":{"line":50,"column":2}},"51":{"start":{"line":52,"column":0},"end":{"line":52,"column":23}}},"s":{"0":1,"1":1,"9":1,"10":12,"11":12,"12":12,"13":12,"14":12,"15":0,"17":12,"19":12,"20":12,"22":1,"23":12,"24":12,"26":1,"27":3,"28":3,"29":3,"30":3,"31":3,"32":3,"33":3,"34":2,"35":6,"36":6,"37":6,"38":6,"39":6,"40":6,"41":6,"42":2,"44":1,"46":3,"47":3,"49":3,"51":1},"branchMap":{"0":{"type":"branch","line":10,"loc":{"start":{"line":10,"column":22},"end":{"line":21,"column":2}},"locations":[{"start":{"line":10,"column":22},"end":{"line":21,"column":2}}]},"1":{"type":"branch","line":11,"loc":{"start":{"line":11,"column":14},"end":{"line":11,"column":26}},"locations":[{"start":{"line":11,"column":14},"end":{"line":11,"column":26}}]},"2":{"type":"branch","line":14,"loc":{"start":{"line":14,"column":19},"end":{"line":18,"column":10}},"locations":[{"start":{"line":14,"column":19},"end":{"line":18,"column":10}}]},"3":{"type":"branch","line":15,"loc":{"start":{"line":15,"column":51},"end":{"line":16,"column":48}},"locations":[{"start":{"line":15,"column":51},"end":{"line":16,"column":48}}]},"4":{"type":"branch","line":23,"loc":{"start":{"line":23,"column":21},"end":{"line":25,"column":2}},"locations":[{"start":{"line":23,"column":21},"end":{"line":25,"column":2}}]},"5":{"type":"branch","line":27,"loc":{"start":{"line":27,"column":16},"end":{"line":50,"column":2}},"locations":[{"start":{"line":27,"column":16},"end":{"line":50,"column":2}}]},"6":{"type":"branch","line":34,"loc":{"start":{"line":34,"column":33},"end":{"line":43,"column":12}},"locations":[{"start":{"line":34,"column":33},"end":{"line":43,"column":12}}]},"7":{"type":"branch","line":43,"loc":{"start":{"line":43,"column":11},"end":{"line":45,"column":34}},"locations":[{"start":{"line":43,"column":11},"end":{"line":45,"column":34}}]},"8":{"type":"branch","line":35,"loc":{"start":{"line":35,"column":28},"end":{"line":42,"column":18}},"locations":[{"start":{"line":35,"column":28},"end":{"line":42,"column":18}}]}},"b":{"0":[12],"1":[0],"2":[12],"3":[0],"4":[12],"5":[3],"6":[2],"7":[1],"8":[6]},"fnMap":{"0":{"name":"highlightText","decl":{"start":{"line":10,"column":22},"end":{"line":21,"column":2}},"loc":{"start":{"line":10,"column":22},"end":{"line":21,"column":2}},"line":10},"1":{"name":"escapeRegExp","decl":{"start":{"line":23,"column":21},"end":{"line":25,"column":2}},"loc":{"start":{"line":23,"column":21},"end":{"line":25,"column":2}},"line":23},"2":{"name":"Results","decl":{"start":{"line":27,"column":16},"end":{"line":50,"column":2}},"loc":{"start":{"line":27,"column":16},"end":{"line":50,"column":2}},"line":27}},"f":{"0":12,"1":12,"2":3}}
,"/Users/bryanlee/Documents/search-app/src/components/search-bar.tsx": {"path":"/Users/bryanlee/Documents/search-app/src/components/search-bar.tsx","all":false,"statementMap":{"0":{"start":{"line":1,"column":0},"end":{"line":1,"column":38}},"1":{"start":{"line":2,"column":0},"end":{"line":2,"column":41}},"11":{"start":{"line":12,"column":0},"end":{"line":12,"column":20}},"12":{"start":{"line":13,"column":0},"end":{"line":13,"column":8}},"13":{"start":{"line":14,"column":0},"end":{"line":14,"column":16}},"14":{"start":{"line":15,"column":0},"end":{"line":15,"column":16}},"15":{"start":{"line":16,"column":0},"end":{"line":16,"column":11}},"16":{"start":{"line":17,"column":0},"end":{"line":17,"column":11}},"17":{"start":{"line":18,"column":0},"end":{"line":18,"column":23}},"18":{"start":{"line":19,"column":0},"end":{"line":19,"column":76}},"19":{"start":{"line":20,"column":0},"end":{"line":20,"column":16}},"20":{"start":{"line":21,"column":0},"end":{"line":21,"column":25}},"21":{"start":{"line":22,"column":0},"end":{"line":22,"column":19}},"22":{"start":{"line":23,"column":0},"end":{"line":23,"column":35}},"23":{"start":{"line":24,"column":0},"end":{"line":24,"column":35}},"24":{"start":{"line":25,"column":0},"end":{"line":25,"column":6}},"25":{"start":{"line":26,"column":0},"end":{"line":26,"column":11}},"26":{"start":{"line":27,"column":0},"end":{"line":27,"column":37}},"27":{"start":{"line":28,"column":0},"end":{"line":28,"column":140}},"29":{"start":{"line":30,"column":0},"end":{"line":30,"column":36}},"30":{"start":{"line":31,"column":0},"end":{"line":31,"column":54}},"31":{"start":{"line":32,"column":0},"end":{"line":32,"column":13}},"32":{"start":{"line":33,"column":0},"end":{"line":33,"column":8}},"35":{"start":{"line":36,"column":0},"end":{"line":36,"column":25}}},"s":{"0":1,"1":1,"11":1,"12":9,"13":9,"14":9,"15":9,"16":9,"17":9,"18":9,"19":9,"20":9,"21":9,"22":9,"23":9,"24":9,"25":9,"26":9,"27":9,"29":9,"30":9,"31":9,"32":9,"35":1},"branchMap":{"0":{"type":"branch","line":12,"loc":{"start":{"line":12,"column":18},"end":{"line":33,"column":8}},"locations":[{"start":{"line":12,"column":18},"end":{"line":33,"column":8}}]},"1":{"type":"branch","line":27,"loc":{"start":{"line":27,"column":15},"end":{"line":27,"column":37}},"locations":[{"start":{"line":27,"column":15},"end":{"line":27,"column":37}}]}},"b":{"0":[9],"1":[1]},"fnMap":{"0":{"name":"SearchBar","decl":{"start":{"line":12,"column":18},"end":{"line":33,"column":8}},"loc":{"start":{"line":12,"column":18},"end":{"line":33,"column":8}},"line":12},"1":{"name":"onClick","decl":{"start":{"line":27,"column":15},"end":{"line":27,"column":37}},"loc":{"start":{"line":27,"column":15},"end":{"line":27,"column":37}},"line":27}},"f":{"0":9,"1":1}}
,"/Users/bryanlee/Documents/search-app/src/components/search-input.tsx": {"path":"/Users/bryanlee/Documents/search-app/src/components/search-input.tsx","all":false,"statementMap":{"0":{"start":{"line":1,"column":0},"end":{"line":1,"column":33}},"9":{"start":{"line":10,"column":0},"end":{"line":10,"column":22}},"10":{"start":{"line":11,"column":0},"end":{"line":11,"column":11}},"11":{"start":{"line":12,"column":0},"end":{"line":12,"column":8}},"12":{"start":{"line":13,"column":0},"end":{"line":13,"column":16}},"13":{"start":{"line":14,"column":0},"end":{"line":14,"column":16}},"14":{"start":{"line":15,"column":0},"end":{"line":15,"column":25}},"15":{"start":{"line":16,"column":0},"end":{"line":16,"column":35}},"16":{"start":{"line":17,"column":0},"end":{"line":17,"column":10}},"17":{"start":{"line":18,"column":0},"end":{"line":18,"column":20}},"18":{"start":{"line":19,"column":0},"end":{"line":19,"column":17}},"19":{"start":{"line":20,"column":0},"end":{"line":20,"column":19}},"20":{"start":{"line":21,"column":0},"end":{"line":21,"column":30}},"21":{"start":{"line":22,"column":0},"end":{"line":22,"column":126}},"22":{"start":{"line":23,"column":0},"end":{"line":23,"column":29}},"23":{"start":{"line":24,"column":0},"end":{"line":24,"column":6}},"24":{"start":{"line":25,"column":0},"end":{"line":25,"column":15}},"25":{"start":{"line":26,"column":0},"end":{"line":26,"column":13}},"26":{"start":{"line":27,"column":0},"end":{"line":27,"column":31}},"27":{"start":{"line":28,"column":0},"end":{"line":28,"column":96}},"28":{"start":{"line":29,"column":0},"end":{"line":29,"column":34}},"30":{"start":{"line":31,"column":0},"end":{"line":31,"column":33}},"31":{"start":{"line":32,"column":0},"end":{"line":32,"column":15}},"33":{"start":{"line":34,"column":0},"end":{"line":34,"column":8}},"36":{"start":{"line":37,"column":0},"end":{"line":37,"column":27}}},"s":{"0":1,"9":1,"10":12,"11":12,"12":12,"13":12,"14":12,"15":12,"16":12,"17":12,"18":12,"19":12,"20":12,"21":12,"22":12,"23":12,"24":12,"25":8,"26":8,"27":8,"28":8,"30":8,"31":8,"33":12,"36":1},"branchMap":{"0":{"type":"branch","line":10,"loc":{"start":{"line":10,"column":20},"end":{"line":34,"column":8}},"locations":[{"start":{"line":10,"column":20},"end":{"line":34,"column":8}}]},"1":{"type":"branch","line":25,"loc":{"start":{"line":25,"column":5},"end":{"line":32,"column":15}},"locations":[{"start":{"line":25,"column":5},"end":{"line":32,"column":15}}]}},"b":{"0":[12],"1":[8]},"fnMap":{"0":{"name":"SearchInput","decl":{"start":{"line":10,"column":20},"end":{"line":34,"column":8}},"loc":{"start":{"line":10,"column":20},"end":{"line":34,"column":8}},"line":10}},"f":{"0":12}}
,"/Users/bryanlee/Documents/search-app/src/components/search-page.tsx": {"path":"/Users/bryanlee/Documents/search-app/src/components/search-page.tsx","all":false,"statementMap":{"0":{"start":{"line":1,"column":0},"end":{"line":1,"column":41}},"7":{"start":{"line":8,"column":0},"end":{"line":8,"column":38}},"8":{"start":{"line":9,"column":0},"end":{"line":9,"column":41}},"9":{"start":{"line":10,"column":0},"end":{"line":10,"column":64}},"10":{"start":{"line":11,"column":0},"end":{"line":11,"column":73}},"11":{"start":{"line":12,"column":0},"end":{"line":12,"column":63}},"12":{"start":{"line":13,"column":0},"end":{"line":13,"column":54}},"13":{"start":{"line":14,"column":0},"end":{"line":14,"column":50}},"15":{"start":{"line":16,"column":0},"end":{"line":16,"column":55}},"16":{"start":{"line":17,"column":0},"end":{"line":17,"column":47}},"17":{"start":{"line":18,"column":0},"end":{"line":18,"column":30}},"18":{"start":{"line":19,"column":0},"end":{"line":19,"column":26}},"20":{"start":{"line":21,"column":0},"end":{"line":21,"column":9}},"21":{"start":{"line":22,"column":0},"end":{"line":22,"column":35}},"22":{"start":{"line":23,"column":0},"end":{"line":23,"column":148}},"23":{"start":{"line":24,"column":0},"end":{"line":24,"column":8}},"24":{"start":{"line":25,"column":0},"end":{"line":25,"column":41}},"25":{"start":{"line":26,"column":0},"end":{"line":26,"column":32}},"27":{"start":{"line":28,"column":0},"end":{"line":28,"column":54}},"28":{"start":{"line":29,"column":0},"end":{"line":29,"column":18}},"32":{"start":{"line":33,"column":0},"end":{"line":33,"column":59}},"33":{"start":{"line":34,"column":0},"end":{"line":34,"column":37}},"34":{"start":{"line":35,"column":0},"end":{"line":35,"column":14}},"35":{"start":{"line":36,"column":0},"end":{"line":36,"column":61}},"36":{"start":{"line":37,"column":0},"end":{"line":37,"column":37}},"37":{"start":{"line":38,"column":0},"end":{"line":38,"column":11}},"38":{"start":{"line":39,"column":0},"end":{"line":39,"column":8}},"40":{"start":{"line":41,"column":0},"end":{"line":41,"column":40}},"41":{"start":{"line":42,"column":0},"end":{"line":42,"column":46}},"42":{"start":{"line":43,"column":0},"end":{"line":43,"column":56}},"43":{"start":{"line":44,"column":0},"end":{"line":44,"column":21}},"44":{"start":{"line":45,"column":0},"end":{"line":45,"column":62}},"45":{"start":{"line":46,"column":0},"end":{"line":46,"column":27}},"46":{"start":{"line":47,"column":0},"end":{"line":47,"column":25}},"47":{"start":{"line":48,"column":0},"end":{"line":48,"column":5}},"48":{"start":{"line":49,"column":0},"end":{"line":49,"column":4}},"50":{"start":{"line":51,"column":0},"end":{"line":51,"column":79}},"51":{"start":{"line":52,"column":0},"end":{"line":52,"column":33}},"52":{"start":{"line":53,"column":0},"end":{"line":53,"column":20}},"54":{"start":{"line":55,"column":0},"end":{"line":55,"column":27}},"55":{"start":{"line":56,"column":0},"end":{"line":56,"column":31}},"57":{"start":{"line":58,"column":0},"end":{"line":58,"column":11}},"58":{"start":{"line":59,"column":0},"end":{"line":59,"column":37}},"59":{"start":{"line":60,"column":0},"end":{"line":60,"column":149}},"60":{"start":{"line":61,"column":0},"end":{"line":61,"column":10}},"61":{"start":{"line":62,"column":0},"end":{"line":62,"column":58}},"62":{"start":{"line":63,"column":0},"end":{"line":63,"column":64}},"64":{"start":{"line":65,"column":0},"end":{"line":65,"column":56}},"65":{"start":{"line":66,"column":0},"end":{"line":66,"column":23}},"66":{"start":{"line":67,"column":0},"end":{"line":67,"column":69}},"67":{"start":{"line":68,"column":0},"end":{"line":68,"column":34}},"68":{"start":{"line":69,"column":0},"end":{"line":69,"column":7}},"69":{"start":{"line":70,"column":0},"end":{"line":70,"column":12}},"70":{"start":{"line":71,"column":0},"end":{"line":71,"column":32}},"71":{"start":{"line":72,"column":0},"end":{"line":72,"column":5}},"72":{"start":{"line":73,"column":0},"end":{"line":73,"column":4}},"74":{"start":{"line":75,"column":0},"end":{"line":75,"column":62}},"75":{"start":{"line":76,"column":0},"end":{"line":76,"column":23}},"76":{"start":{"line":77,"column":0},"end":{"line":77,"column":17}},"77":{"start":{"line":78,"column":0},"end":{"line":78,"column":30}},"78":{"start":{"line":79,"column":0},"end":{"line":79,"column":25}},"79":{"start":{"line":80,"column":0},"end":{"line":80,"column":23}},"80":{"start":{"line":81,"column":0},"end":{"line":81,"column":27}},"81":{"start":{"line":82,"column":0},"end":{"line":82,"column":31}},"82":{"start":{"line":83,"column":0},"end":{"line":83,"column":5}},"83":{"start":{"line":84,"column":0},"end":{"line":84,"column":4}},"85":{"start":{"line":86,"column":0},"end":{"line":86,"column":10}},"86":{"start":{"line":87,"column":0},"end":{"line":87,"column":45}},"87":{"start":{"line":88,"column":0},"end":{"line":88,"column":16}},"88":{"start":{"line":89,"column":0},"end":{"line":89,"column":51}},"89":{"start":{"line":90,"column":0},"end":{"line":90,"column":55}},"90":{"start":{"line":91,"column":0},"end":{"line":91,"column":20}},"91":{"start":{"line":92,"column":0},"end":{"line":92,"column":25}},"92":{"start":{"line":93,"column":0},"end":{"line":93,"column":45}},"93":{"start":{"line":94,"column":0},"end":{"line":94,"column":39}},"94":{"start":{"line":95,"column":0},"end":{"line":95,"column":35}},"95":{"start":{"line":96,"column":0},"end":{"line":96,"column":31}},"96":{"start":{"line":97,"column":0},"end":{"line":97,"column":12}},"97":{"start":{"line":98,"column":0},"end":{"line":98,"column":31}},"98":{"start":{"line":99,"column":0},"end":{"line":99,"column":32}},"99":{"start":{"line":100,"column":0},"end":{"line":100,"column":51}},"100":{"start":{"line":101,"column":0},"end":{"line":101,"column":37}},"101":{"start":{"line":102,"column":0},"end":{"line":102,"column":41}},"102":{"start":{"line":103,"column":0},"end":{"line":103,"column":16}},"103":{"start":{"line":104,"column":0},"end":{"line":104,"column":39}},"104":{"start":{"line":105,"column":0},"end":{"line":105,"column":14}},"106":{"start":{"line":107,"column":0},"end":{"line":107,"column":14}},"107":{"start":{"line":108,"column":0},"end":{"line":108,"column":12}},"108":{"start":{"line":109,"column":0},"end":{"line":109,"column":36}},"109":{"start":{"line":110,"column":0},"end":{"line":110,"column":16}},"110":{"start":{"line":111,"column":0},"end":{"line":111,"column":39}},"111":{"start":{"line":112,"column":0},"end":{"line":112,"column":37}},"112":{"start":{"line":113,"column":0},"end":{"line":113,"column":23}},"113":{"start":{"line":114,"column":0},"end":{"line":114,"column":10}},"115":{"start":{"line":116,"column":0},"end":{"line":116,"column":10}},"117":{"start":{"line":118,"column":0},"end":{"line":118,"column":1}}},"s":{"0":1,"7":7,"8":7,"9":7,"10":7,"11":7,"12":7,"13":7,"15":7,"16":0,"17":0,"18":0,"20":0,"21":0,"22":0,"23":0,"24":0,"25":0,"27":0,"28":0,"32":0,"33":0,"34":0,"35":0,"36":0,"37":0,"38":0,"40":0,"41":0,"42":0,"43":0,"44":0,"45":0,"46":0,"47":0,"48":0,"50":7,"51":5,"52":5,"54":5,"55":3,"57":3,"58":3,"59":3,"60":3,"61":0,"62":0,"64":0,"65":0,"66":0,"67":0,"68":0,"69":5,"70":2,"71":2,"72":5,"74":7,"75":0,"76":0,"77":0,"78":0,"79":0,"80":0,"81":0,"82":0,"83":0,"85":7,"86":7,"87":7,"88":7,"89":7,"90":7,"91":7,"92":7,"93":7,"94":7,"95":7,"96":7,"97":7,"98":3,"99":3,"100":0,"101":0,"102":0,"103":3,"104":3,"106":7,"107":7,"108":7,"109":0,"110":0,"111":0,"112":0,"113":0,"115":7,"117":7},"branchMap":{"0":{"type":"branch","line":8,"loc":{"start":{"line":8,"column":0},"end":{"line":118,"column":1}},"locations":[{"start":{"line":8,"column":0},"end":{"line":118,"column":1}}]},"1":{"type":"branch","line":98,"loc":{"start":{"line":98,"column":11},"end":{"line":105,"column":14}},"locations":[{"start":{"line":98,"column":11},"end":{"line":105,"column":14}}]},"2":{"type":"branch","line":109,"loc":{"start":{"line":109,"column":30},"end":{"line":114,"column":10}},"locations":[{"start":{"line":109,"column":30},"end":{"line":114,"column":10}}]},"3":{"type":"branch","line":51,"loc":{"start":{"line":51,"column":28},"end":{"line":73,"column":4}},"locations":[{"start":{"line":51,"column":28},"end":{"line":73,"column":4}}]},"4":{"type":"branch","line":55,"loc":{"start":{"line":55,"column":26},"end":{"line":70,"column":11}},"locations":[{"start":{"line":55,"column":26},"end":{"line":70,"column":11}}]},"5":{"type":"branch","line":61,"loc":{"start":{"line":61,"column":8},"end":{"line":69,"column":7}},"locations":[{"start":{"line":61,"column":8},"end":{"line":69,"column":7}}]},"6":{"type":"branch","line":70,"loc":{"start":{"line":70,"column":4},"end":{"line":72,"column":5}},"locations":[{"start":{"line":70,"column":4},"end":{"line":72,"column":5}}]}},"b":{"0":[7],"1":[3],"2":[0],"3":[5],"4":[3],"5":[0],"6":[2]},"fnMap":{"0":{"name":"SearchPage","decl":{"start":{"line":8,"column":0},"end":{"line":118,"column":1}},"loc":{"start":{"line":8,"column":0},"end":{"line":118,"column":1}},"line":8},"1":{"name":"handleSearch","decl":{"start":{"line":16,"column":23},"end":{"line":49,"column":4}},"loc":{"start":{"line":16,"column":23},"end":{"line":49,"column":4}},"line":16},"2":{"name":"handleQueryChange","decl":{"start":{"line":51,"column":28},"end":{"line":73,"column":4}},"loc":{"start":{"line":51,"column":28},"end":{"line":73,"column":4}},"line":51},"3":{"name":"clearSearch","decl":{"start":{"line":75,"column":22},"end":{"line":84,"column":4}},"loc":{"start":{"line":75,"column":22},"end":{"line":84,"column":4}},"line":75},"4":{"name":"onSuggestionSelect","decl":{"start":{"line":100,"column":34},"end":{"line":103,"column":16}},"loc":{"start":{"line":100,"column":34},"end":{"line":103,"column":16}},"line":100}},"f":{"0":7,"1":0,"2":5,"3":0,"4":0}}
,"/Users/bryanlee/Documents/search-app/src/components/suggestions-dropdown.tsx": {"path":"/Users/bryanlee/Documents/search-app/src/components/suggestions-dropdown.tsx","all":false,"statementMap":{"0":{"start":{"line":1,"column":0},"end":{"line":1,"column":52}},"7":{"start":{"line":8,"column":0},"end":{"line":8,"column":30}},"8":{"start":{"line":9,"column":0},"end":{"line":9,"column":21}},"9":{"start":{"line":10,"column":0},"end":{"line":10,"column":14}},"10":{"start":{"line":11,"column":0},"end":{"line":11,"column":33}},"11":{"start":{"line":12,"column":0},"end":{"line":12,"column":57}},"12":{"start":{"line":13,"column":0},"end":{"line":13,"column":69}},"14":{"start":{"line":15,"column":0},"end":{"line":15,"column":19}},"15":{"start":{"line":16,"column":0},"end":{"line":16,"column":58}},"16":{"start":{"line":17,"column":0},"end":{"line":17,"column":8}},"17":{"start":{"line":18,"column":0},"end":{"line":18,"column":24}},"18":{"start":{"line":19,"column":0},"end":{"line":19,"column":6}},"19":{"start":{"line":20,"column":0},"end":{"line":20,"column":20}},"21":{"start":{"line":22,"column":0},"end":{"line":22,"column":19}},"22":{"start":{"line":23,"column":0},"end":{"line":23,"column":53}},"23":{"start":{"line":24,"column":0},"end":{"line":24,"column":80}},"24":{"start":{"line":25,"column":0},"end":{"line":25,"column":31}},"25":{"start":{"line":26,"column":0},"end":{"line":26,"column":55}},"26":{"start":{"line":27,"column":0},"end":{"line":27,"column":64}},"27":{"start":{"line":28,"column":0},"end":{"line":28,"column":31}},"28":{"start":{"line":29,"column":0},"end":{"line":29,"column":55}},"29":{"start":{"line":30,"column":0},"end":{"line":30,"column":63}},"30":{"start":{"line":31,"column":0},"end":{"line":31,"column":31}},"31":{"start":{"line":32,"column":0},"end":{"line":32,"column":55}},"32":{"start":{"line":33,"column":0},"end":{"line":33,"column":39}},"33":{"start":{"line":34,"column":0},"end":{"line":34,"column":31}},"34":{"start":{"line":35,"column":0},"end":{"line":35,"column":40}},"35":{"start":{"line":36,"column":0},"end":{"line":36,"column":23}},"36":{"start":{"line":37,"column":0},"end":{"line":37,"column":27}},"37":{"start":{"line":38,"column":0},"end":{"line":38,"column":75}},"38":{"start":{"line":39,"column":0},"end":{"line":39,"column":38}},"39":{"start":{"line":40,"column":0},"end":{"line":40,"column":16}},"40":{"start":{"line":41,"column":0},"end":{"line":41,"column":27}},"41":{"start":{"line":42,"column":0},"end":{"line":42,"column":75}},"42":{"start":{"line":43,"column":0},"end":{"line":43,"column":38}},"43":{"start":{"line":44,"column":0},"end":{"line":44,"column":9}},"44":{"start":{"line":45,"column":0},"end":{"line":45,"column":7}},"45":{"start":{"line":46,"column":0},"end":{"line":46,"column":6}},"47":{"start":{"line":48,"column":0},"end":{"line":48,"column":56}},"48":{"start":{"line":49,"column":0},"end":{"line":49,"column":18}},"49":{"start":{"line":50,"column":0},"end":{"line":50,"column":61}},"50":{"start":{"line":51,"column":0},"end":{"line":51,"column":6}},"51":{"start":{"line":52,"column":0},"end":{"line":52,"column":55}},"53":{"start":{"line":54,"column":0},"end":{"line":54,"column":19}},"54":{"start":{"line":55,"column":0},"end":{"line":55,"column":78}},"55":{"start":{"line":56,"column":0},"end":{"line":56,"column":56}},"56":{"start":{"line":57,"column":0},"end":{"line":57,"column":19}},"57":{"start":{"line":58,"column":0},"end":{"line":58,"column":5}},"58":{"start":{"line":59,"column":0},"end":{"line":59,"column":22}},"60":{"start":{"line":61,"column":0},"end":{"line":61,"column":10}},"61":{"start":{"line":62,"column":0},"end":{"line":62,"column":142}},"62":{"start":{"line":63,"column":0},"end":{"line":63,"column":47}},"63":{"start":{"line":64,"column":0},"end":{"line":64,"column":15}},"64":{"start":{"line":65,"column":0},"end":{"line":65,"column":26}},"65":{"start":{"line":66,"column":0},"end":{"line":66,"column":60}},"66":{"start":{"line":67,"column":0},"end":{"line":67,"column":68}},"67":{"start":{"line":68,"column":0},"end":{"line":68,"column":56}},"68":{"start":{"line":69,"column":0},"end":{"line":69,"column":13}},"69":{"start":{"line":70,"column":0},"end":{"line":70,"column":56}},"71":{"start":{"line":72,"column":0},"end":{"line":72,"column":22}},"72":{"start":{"line":73,"column":0},"end":{"line":73,"column":17}},"73":{"start":{"line":74,"column":0},"end":{"line":74,"column":9}},"74":{"start":{"line":75,"column":0},"end":{"line":75,"column":10}},"76":{"start":{"line":77,"column":0},"end":{"line":77,"column":2}},"78":{"start":{"line":79,"column":0},"end":{"line":79,"column":35}}},"s":{"0":1,"7":1,"8":9,"9":9,"10":9,"11":9,"12":9,"14":9,"15":4,"16":4,"17":4,"18":4,"19":9,"21":9,"22":9,"23":6,"24":3,"25":3,"26":3,"27":0,"28":0,"29":3,"30":1,"31":1,"32":3,"33":0,"34":0,"35":0,"36":0,"37":0,"38":0,"39":0,"40":0,"41":0,"42":0,"43":0,"44":0,"45":6,"47":9,"48":9,"49":9,"50":9,"51":9,"53":9,"54":7,"55":3,"56":3,"57":3,"58":9,"60":9,"61":9,"62":9,"63":18,"64":18,"65":18,"66":18,"67":18,"68":18,"69":18,"71":18,"72":18,"73":9,"74":9,"76":9,"78":1},"branchMap":{"0":{"type":"branch","line":8,"loc":{"start":{"line":8,"column":28},"end":{"line":77,"column":2}},"locations":[{"start":{"line":8,"column":28},"end":{"line":77,"column":2}}]},"1":{"type":"branch","line":15,"loc":{"start":{"line":15,"column":12},"end":{"line":20,"column":5}},"locations":[{"start":{"line":15,"column":12},"end":{"line":20,"column":5}}]},"2":{"type":"branch","line":22,"loc":{"start":{"line":22,"column":12},"end":{"line":52,"column":5}},"locations":[{"start":{"line":22,"column":12},"end":{"line":52,"column":5}}]},"3":{"type":"branch","line":23,"loc":{"start":{"line":23,"column":26},"end":{"line":46,"column":6}},"locations":[{"start":{"line":23,"column":26},"end":{"line":46,"column":6}}]},"4":{"type":"branch","line":24,"loc":{"start":{"line":24,"column":24},"end":{"line":24,"column":79}},"locations":[{"start":{"line":24,"column":24},"end":{"line":24,"column":79}}]},"5":{"type":"branch","line":24,"loc":{"start":{"line":24,"column":79},"end":{"line":45,"column":7}},"locations":[{"start":{"line":24,"column":79},"end":{"line":45,"column":7}}]},"6":{"type":"branch","line":27,"loc":{"start":{"line":27,"column":31},"end":{"line":27,"column":63}},"locations":[{"start":{"line":27,"column":31},"end":{"line":27,"column":63}}]},"7":{"type":"branch","line":27,"loc":{"start":{"line":27,"column":63},"end":{"line":30,"column":17}},"locations":[{"start":{"line":27,"column":63},"end":{"line":30,"column":17}}]},"8":{"type":"branch","line":30,"loc":{"start":{"line":30,"column":31},"end":{"line":30,"column":62}},"locations":[{"start":{"line":30,"column":31},"end":{"line":30,"column":62}}]},"9":{"type":"branch","line":30,"loc":{"start":{"line":30,"column":62},"end":{"line":33,"column":17}},"locations":[{"start":{"line":30,"column":62},"end":{"line":33,"column":17}}]},"10":{"type":"branch","line":33,"loc":{"start":{"line":33,"column":6},"end":{"line":45,"column":7}},"locations":[{"start":{"line":33,"column":6},"end":{"line":45,"column":7}}]},"11":{"type":"branch","line":33,"loc":{"start":{"line":33,"column":38},"end":{"line":45,"column":7}},"locations":[{"start":{"line":33,"column":38},"end":{"line":45,"column":7}}]},"12":{"type":"branch","line":26,"loc":{"start":{"line":26,"column":25},"end":{"line":26,"column":53}},"locations":[{"start":{"line":26,"column":25},"end":{"line":26,"column":53}}]},"13":{"type":"branch","line":49,"loc":{"start":{"line":49,"column":11},"end":{"line":51,"column":6}},"locations":[{"start":{"line":49,"column":11},"end":{"line":51,"column":6}}]},"14":{"type":"branch","line":54,"loc":{"start":{"line":54,"column":12},"end":{"line":59,"column":5}},"locations":[{"start":{"line":54,"column":12},"end":{"line":59,"column":5}}]},"15":{"type":"branch","line":55,"loc":{"start":{"line":55,"column":25},"end":{"line":55,"column":77}},"locations":[{"start":{"line":55,"column":25},"end":{"line":55,"column":77}}]},"16":{"type":"branch","line":55,"loc":{"start":{"line":55,"column":77},"end":{"line":58,"column":5}},"locations":[{"start":{"line":55,"column":77},"end":{"line":58,"column":5}}]},"17":{"type":"branch","line":63,"loc":{"start":{"line":63,"column":23},"end":{"line":73,"column":17}},"locations":[{"start":{"line":63,"column":23},"end":{"line":73,"column":17}}]},"18":{"type":"branch","line":68,"loc":{"start":{"line":68,"column":22},"end":{"line":68,"column":54}},"locations":[{"start":{"line":68,"column":22},"end":{"line":68,"column":54}}]},"19":{"type":"branch","line":68,"loc":{"start":{"line":68,"column":38},"end":{"line":68,"column":56}},"locations":[{"start":{"line":68,"column":38},"end":{"line":68,"column":56}}]},"20":{"type":"branch","line":66,"loc":{"start":{"line":66,"column":15},"end":{"line":66,"column":60}},"locations":[{"start":{"line":66,"column":15},"end":{"line":66,"column":60}}]},"21":{"type":"branch","line":70,"loc":{"start":{"line":70,"column":19},"end":{"line":70,"column":56}},"locations":[{"start":{"line":70,"column":19},"end":{"line":70,"column":56}}]}},"b":{"0":[9],"1":[4],"2":[9],"3":[6],"4":[3],"5":[3],"6":[0],"7":[0],"8":[1],"9":[1],"10":[2],"11":[0],"12":[3],"13":[9],"14":[7],"15":[3],"16":[3],"17":[18],"18":[3],"19":[15],"20":[36],"21":[1]},"fnMap":{"0":{"name":"SuggestionsDropdown","decl":{"start":{"line":8,"column":28},"end":{"line":77,"column":2}},"loc":{"start":{"line":8,"column":28},"end":{"line":77,"column":2}},"line":8},"1":{"name":"handleKeyDown","decl":{"start":{"line":23,"column":26},"end":{"line":46,"column":6}},"loc":{"start":{"line":23,"column":26},"end":{"line":46,"column":6}},"line":23},"2":{"name":"ref","decl":{"start":{"line":66,"column":15},"end":{"line":66,"column":60}},"loc":{"start":{"line":66,"column":15},"end":{"line":66,"column":60}},"line":66},"3":{"name":"onClick","decl":{"start":{"line":70,"column":19},"end":{"line":70,"column":56}},"loc":{"start":{"line":70,"column":19},"end":{"line":70,"column":56}},"line":70}},"f":{"0":9,"1":6,"2":36,"3":1}}
,"/Users/bryanlee/Documents/search-app/src/mocks/mock-data.ts": {"path":"/Users/bryanlee/Documents/search-app/src/mocks/mock-data.ts","all":false,"statementMap":{"2":{"start":{"line":3,"column":0},"end":{"line":3,"column":42}},"3":{"start":{"line":4,"column":0},"end":{"line":4,"column":15}},"4":{"start":{"line":5,"column":0},"end":{"line":5,"column":22}},"5":{"start":{"line":6,"column":0},"end":{"line":6,"column":17}},"6":{"start":{"line":7,"column":0},"end":{"line":7,"column":20}},"7":{"start":{"line":8,"column":0},"end":{"line":8,"column":30}},"8":{"start":{"line":9,"column":0},"end":{"line":9,"column":23}},"9":{"start":{"line":10,"column":0},"end":{"line":10,"column":2}},"11":{"start":{"line":12,"column":0},"end":{"line":12,"column":44}},"12":{"start":{"line":13,"column":0},"end":{"line":13,"column":3}},"13":{"start":{"line":14,"column":0},"end":{"line":14,"column":74}},"14":{"start":{"line":15,"column":0},"end":{"line":15,"column":22}},"15":{"start":{"line":16,"column":0},"end":{"line":16,"column":174}},"16":{"start":{"line":17,"column":0},"end":{"line":17,"column":21}},"17":{"start":{"line":18,"column":0},"end":{"line":18,"column":6}},"18":{"start":{"line":19,"column":0},"end":{"line":19,"column":51}},"19":{"start":{"line":20,"column":0},"end":{"line":20,"column":77}},"20":{"start":{"line":21,"column":0},"end":{"line":21,"column":4}},"21":{"start":{"line":22,"column":0},"end":{"line":22,"column":3}},"22":{"start":{"line":23,"column":0},"end":{"line":23,"column":74}},"23":{"start":{"line":24,"column":0},"end":{"line":24,"column":22}},"24":{"start":{"line":25,"column":0},"end":{"line":25,"column":174}},"25":{"start":{"line":26,"column":0},"end":{"line":26,"column":21}},"26":{"start":{"line":27,"column":0},"end":{"line":27,"column":6}},"27":{"start":{"line":28,"column":0},"end":{"line":28,"column":51}},"28":{"start":{"line":29,"column":0},"end":{"line":29,"column":77}},"29":{"start":{"line":30,"column":0},"end":{"line":30,"column":4}},"30":{"start":{"line":31,"column":0},"end":{"line":31,"column":3}},"31":{"start":{"line":32,"column":0},"end":{"line":32,"column":74}},"32":{"start":{"line":33,"column":0},"end":{"line":33,"column":22}},"33":{"start":{"line":34,"column":0},"end":{"line":34,"column":174}},"34":{"start":{"line":35,"column":0},"end":{"line":35,"column":21}},"35":{"start":{"line":36,"column":0},"end":{"line":36,"column":6}},"36":{"start":{"line":37,"column":0},"end":{"line":37,"column":51}},"37":{"start":{"line":38,"column":0},"end":{"line":38,"column":77}},"38":{"start":{"line":39,"column":0},"end":{"line":39,"column":4}},"39":{"start":{"line":40,"column":0},"end":{"line":40,"column":2}}},"s":{"2":1,"3":1,"4":1,"5":1,"6":1,"7":1,"8":1,"9":1,"11":1,"12":1,"13":1,"14":1,"15":1,"16":1,"17":1,"18":1,"19":1,"20":1,"21":1,"22":1,"23":1,"24":1,"25":1,"26":1,"27":1,"28":1,"29":1,"30":1,"31":1,"32":1,"33":1,"34":1,"35":1,"36":1,"37":1,"38":1,"39":1},"branchMap":{},"b":{},"fnMap":{},"f":{}}
,"/Users/bryanlee/Documents/search-app/src/types/types.ts": {"path":"/Users/bryanlee/Documents/search-app/src/types/types.ts","all":true,"statementMap":{},"s":{},"branchMap":{"0":{"type":"branch","line":1,"loc":{"start":{"line":1,"column":290},"end":{"line":16,"column":2}},"locations":[{"start":{"line":1,"column":290},"end":{"line":16,"column":2}}]}},"b":{"0":[1]},"fnMap":{"0":{"name":"(empty-report)","decl":{"start":{"line":1,"column":290},"end":{"line":16,"column":2}},"loc":{"start":{"line":1,"column":290},"end":{"line":16,"column":2}},"line":1}},"f":{"0":1}}
}
